# JRE version: Java(TM) SE Runtime Environment (8.0_144-b01) (build 1.8.0_144-b01)
# Java VM: Java HotSpot(TM) 64-Bit Server VM (25.144-b01 mixed mode linux-amd64 compressed oops)
Heap:
 PSYoungGen      total 24064K, used 11562K [0x00000000d7400000, 0x00000000e0100000, 0x0000000100000000)
  eden space 23552K, 48% used [0x00000000d7400000,0x00000000d7f32920,0x00000000d8b00000)
  from space 512K, 18% used [0x00000000e0000000,0x00000000e0018000,0x00000000e0080000)
  to   space 512K, 0% used [0x00000000e0080000,0x00000000e0080000,0x00000000e0100000)
 ParOldGen       total 84992K, used 43171K [0x0000000085c00000, 0x000000008af00000, 0x00000000d7400000)
  object space 84992K, 50% used [0x0000000085c00000,0x0000000088628fd0,0x000000008af00000)
 Metaspace       used 17317K, capacity 17842K, committed 18048K, reserved 1064960K
  class space    used 1961K, capacity 2121K, committed 2176K, reserved 1048576K
GC Heap History (10 events):
Event: 60539,224 GC heap before
{Heap before GC invocations=221 (full 0):
 PSYoungGen      total 24064K, used 23680K [0x00000000d7400000, 0x00000000e0100000, 0x0000000100000000)
  eden space 23552K, 100% used [0x00000000d7400000,0x00000000d8b00000,0x00000000d8b00000)
  from space 512K, 25% used [0x00000000e0080000,0x00000000e00a0000,0x00000000e0100000)
  to   space 512K, 0% used [0x00000000e0000000,0x00000000e0000000,0x00000000e0080000)
 ParOldGen       total 84992K, used 43107K [0x0000000085c00000, 0x000000008af00000, 0x00000000d7400000)
  object space 84992K, 50% used [0x0000000085c00000,0x0000000088618fd0,0x000000008af00000)
 Metaspace       used 17317K, capacity 17842K, committed 18048K, reserved 1064960K
  class space    used 1961K, capacity 2121K, committed 2176K, reserved 1048576K
Event: 60539,228 GC heap after
Heap after GC invocations=221 (full 0):
 PSYoungGen      total 24064K, used 128K [0x00000000d7400000, 0x00000000e0100000, 0x0000000100000000)
  eden space 23552K, 0% used [0x00000000d7400000,0x00000000d7400000,0x00000000d8b00000)
  from space 512K, 25% used [0x00000000e0000000,0x00000000e0020000,0x00000000e0080000)
  to   space 512K, 0% used [0x00000000e0080000,0x00000000e0080000,0x00000000e0100000)
 ParOldGen       total 84992K, used 43115K [0x0000000085c00000, 0x000000008af00000, 0x00000000d7400000)
  object space 84992K, 50% used [0x0000000085c00000,0x000000008861afd0,0x000000008af00000)
 Metaspace       used 17317K, capacity 17842K, committed 18048K, reserved 1064960K
  class space    used 1961K, capacity 2121K, committed 2176K, reserved 1048576K
}
Event: 60594,933 GC heap before
{Heap before GC invocations=222 (full 0):
 PSYoungGen      total 24064K, used 23680K [0x00000000d7400000, 0x00000000e0100000, 0x0000000100000000)
  eden space 23552K, 100% used [0x00000000d7400000,0x00000000d8b00000,0x00000000d8b00000)
  from space 512K, 25% used [0x00000000e0000000,0x00000000e0020000,0x00000000e0080000)
  to   space 512K, 0% used [0x00000000e0080000,0x00000000e0080000,0x00000000e0100000)
 ParOldGen       total 84992K, used 43115K [0x0000000085c00000, 0x000000008af00000, 0x00000000d7400000)
  object space 84992K, 50% used [0x0000000085c00000,0x000000008861afd0,0x000000008af00000)
 Metaspace       used 17317K, capacity 17842K, committed 18048K, reserved 1064960K
  class space    used 1961K, capacity 2121K, committed 2176K, reserved 1048576K
Event: 60595,183 GC heap after
Heap after GC invocations=222 (full 0):
 PSYoungGen      total 24064K, used 128K [0x00000000d7400000, 0x00000000e0100000, 0x0000000100000000)
  eden space 23552K, 0% used [0x00000000d7400000,0x00000000d7400000,0x00000000d8b00000)
  from space 512K, 25% used [0x00000000e0080000,0x00000000e00a0000,0x00000000e0100000)
  to   space 512K, 0% used [0x00000000e0000000,0x00000000e0000000,0x00000000e0080000)
 ParOldGen       total 84992K, used 43131K [0x0000000085c00000, 0x000000008af00000, 0x00000000d7400000)
  object space 84992K, 50% used [0x0000000085c00000,0x000000008861efd0,0x000000008af00000)
 Metaspace       used 17317K, capacity 17842K, committed 18048K, reserved 1064960K
  class space    used 1961K, capacity 2121K, committed 2176K, reserved 1048576K
}
Event: 60700,746 GC heap before
{Heap before GC invocations=223 (full 0):
 PSYoungGen      total 24064K, used 23680K [0x00000000d7400000, 0x00000000e0100000, 0x0000000100000000)
  eden space 23552K, 100% used [0x00000000d7400000,0x00000000d8b00000,0x00000000d8b00000)
  from space 512K, 25% used [0x00000000e0080000,0x00000000e00a0000,0x00000000e0100000)
  to   space 512K, 0% used [0x00000000e0000000,0x00000000e0000000,0x00000000e0080000)
 ParOldGen       total 84992K, used 43131K [0x0000000085c00000, 0x000000008af00000, 0x00000000d7400000)
  object space 84992K, 50% used [0x0000000085c00000,0x000000008861efd0,0x000000008af00000)
 Metaspace       used 17317K, capacity 17842K, committed 18048K, reserved 1064960K
  class space    used 1961K, capacity 2121K, committed 2176K, reserved 1048576K
Event: 60700,756 GC heap after
Heap after GC invocations=223 (full 0):
 PSYoungGen      total 24064K, used 128K [0x00000000d7400000, 0x00000000e0100000, 0x0000000100000000)
  eden space 23552K, 0% used [0x00000000d7400000,0x00000000d7400000,0x00000000d8b00000)
  from space 512K, 25% used [0x00000000e0000000,0x00000000e0020000,0x00000000e0080000)
  to   space 512K, 0% used [0x00000000e0080000,0x00000000e0080000,0x00000000e0100000)
 ParOldGen       total 84992K, used 43155K [0x0000000085c00000, 0x000000008af00000, 0x00000000d7400000)
  object space 84992K, 50% used [0x0000000085c00000,0x0000000088624fd0,0x000000008af00000)
 Metaspace       used 17317K, capacity 17842K, committed 18048K, reserved 1064960K
  class space    used 1961K, capacity 2121K, committed 2176K, reserved 1048576K
}
Event: 60823,254 GC heap before
{Heap before GC invocations=224 (full 0):
 PSYoungGen      total 24064K, used 23680K [0x00000000d7400000, 0x00000000e0100000, 0x0000000100000000)
  eden space 23552K, 100% used [0x00000000d7400000,0x00000000d8b00000,0x00000000d8b00000)
  from space 512K, 25% used [0x00000000e0000000,0x00000000e0020000,0x00000000e0080000)
  to   space 512K, 0% used [0x00000000e0080000,0x00000000e0080000,0x00000000e0100000)
 ParOldGen       total 84992K, used 43155K [0x0000000085c00000, 0x000000008af00000, 0x00000000d7400000)
  object space 84992K, 50% used [0x0000000085c00000,0x0000000088624fd0,0x000000008af00000)
 Metaspace       used 17317K, capacity 17842K, committed 18048K, reserved 1064960K
  class space    used 1961K, capacity 2121K, committed 2176K, reserved 1048576K
Event: 60823,271 GC heap after
Heap after GC invocations=224 (full 0):
 PSYoungGen      total 24064K, used 160K [0x00000000d7400000, 0x00000000e0100000, 0x0000000100000000)
  eden space 23552K, 0% used [0x00000000d7400000,0x00000000d7400000,0x00000000d8b00000)
  from space 512K, 31% used [0x00000000e0080000,0x00000000e00a8000,0x00000000e0100000)
  to   space 512K, 0% used [0x00000000e0000000,0x00000000e0000000,0x00000000e0080000)
 ParOldGen       total 84992K, used 43163K [0x0000000085c00000, 0x000000008af00000, 0x00000000d7400000)
  object space 84992K, 50% used [0x0000000085c00000,0x0000000088626fd0,0x000000008af00000)
 Metaspace       used 17317K, capacity 17842K, committed 18048K, reserved 1064960K
  class space    used 1961K, capacity 2121K, committed 2176K, reserved 1048576K
}
Event: 60930,451 GC heap before
{Heap before GC invocations=225 (full 0):
 PSYoungGen      total 24064K, used 23712K [0x00000000d7400000, 0x00000000e0100000, 0x0000000100000000)
  eden space 23552K, 100% used [0x00000000d7400000,0x00000000d8b00000,0x00000000d8b00000)
  from space 512K, 31% used [0x00000000e0080000,0x00000000e00a8000,0x00000000e0100000)
  to   space 512K, 0% used [0x00000000e0000000,0x00000000e0000000,0x00000000e0080000)
 ParOldGen       total 84992K, used 43163K [0x0000000085c00000, 0x000000008af00000, 0x00000000d7400000)
  object space 84992K, 50% used [0x0000000085c00000,0x0000000088626fd0,0x000000008af00000)
 Metaspace       used 17317K, capacity 17842K, committed 18048K, reserved 1064960K
  class space    used 1961K, capacity 2121K, committed 2176K, reserved 1048576K
Event: 60930,453 GC heap after
Heap after GC invocations=225 (full 0):
 PSYoungGen      total 24064K, used 96K [0x00000000d7400000, 0x00000000e0100000, 0x0000000100000000)
  eden space 23552K, 0% used [0x00000000d7400000,0x00000000d7400000,0x00000000d8b00000)
  from space 512K, 18% used [0x00000000e0000000,0x00000000e0018000,0x00000000e0080000)
  to   space 512K, 0% used [0x00000000e0080000,0x00000000e0080000,0x00000000e0100000)
 ParOldGen       total 84992K, used 43171K [0x0000000085c00000, 0x000000008af00000, 0x00000000d7400000)
  object space 84992K, 50% used [0x0000000085c00000,0x0000000088628fd0,0x000000008af00000)
 Metaspace       used 17317K, capacity 17842K, committed 18048K, reserved 1064960K
  class space    used 1961K, capacity 2121K, committed 2176K, reserved 1048576K
}

